[fail] D:\Video2AudioLibrary\incoming\01.阴阳之道.mp4: [WinError 2] 系统找不到指定的文件。
[fail] D:\Video2AudioLibrary\incoming\099_45萃卦上_聚会之道(Av31579235,P31).flv: [WinError 2] 系统找不到指定的文件。
[fail] D:\Video2AudioLibrary\incoming\100_45萃卦下_聚少离多(Av31579235,P32).flv: [WinError 2] 系统找不到指定的文件。
[fail] D:\Video2AudioLibrary\incoming\101_46升卦上_积小成大(Av31579235,P33).flv: [WinError 2] 系统找不到指定的文件。
[fail] D:\Video2AudioLibrary\incoming\102_46升卦下_适时上升(Av31579235,P34).flv: [WinError 2] 系统找不到指定的文件。
[fail] D:\Video2AudioLibrary\incoming\103_47困卦上_处困之道(Av31579235,P35).flv: [WinError 2] 系统找不到指定的文件。
[fail] D:\Video2AudioLibrary\incoming\104_47困卦下_坚持正理(Av31579235,P36).flv: [WinError 2] 系统找不到指定的文件。
[fail] D:\Video2AudioLibrary\incoming\105_48井卦上_不变而通(Av31579235,P37).flv: [WinError 2] 系统找不到指定的文件。
[fail] D:\Video2AudioLibrary\incoming\106_48井卦下_供养无穷(Av31579235,P38).flv: [WinError 2] 系统找不到指定的文件。
[fail] D:\Video2AudioLibrary\incoming\107_49革卦上_革新之道(Av31579235,P39).flv: [WinError 2] 系统找不到指定的文件。
[fail] D:\Video2AudioLibrary\incoming\108_49革卦下_顺天应人(Av31579235,P40).flv: [WinError 2] 系统找不到指定的文件。
[fail] D:\Video2AudioLibrary\incoming\109_50鼎卦上_革故鼎新(Av31579235,P41).flv: [WinError 2] 系统找不到指定的文件。
[fail] D:\Video2AudioLibrary\incoming\110_50鼎卦下_礼贤下士(Av31579235,P42).flv: [WinError 2] 系统找不到指定的文件。
[fail] D:\Video2AudioLibrary\incoming\111_51震卦上_奋发警醒(Av31579235,P43).flv: [WinError 2] 系统找不到指定的文件。
[fail] D:\Video2AudioLibrary\incoming\112_51震卦下_长治久安(Av31579235,P44).flv: [WinError 2] 系统找不到指定的文件。
[fail] D:\Video2AudioLibrary\incoming\113_52艮卦上_大忧大定(Av31579235,P45).flv: [WinError 2] 系统找不到指定的文件。
[fail] D:\Video2AudioLibrary\incoming\114_52艮卦下_止其所止(Av31579235,P46).flv: [WinError 2] 系统找不到指定的文件。
[fail] D:\Video2AudioLibrary\incoming\115_53渐卦上_循序渐进(Av31579235,P47).flv: [WinError 2] 系统找不到指定的文件。
[fail] D:\Video2AudioLibrary\incoming\116_53渐卦下_悠久稳健(Av31579235,P48).flv: [WinError 2] 系统找不到指定的文件。
[fail] D:\Video2AudioLibrary\incoming\117_54归妹卦上_情理难抉(Av31579235,P49).flv: [WinError 2] 系统找不到指定的文件。
[fail] D:\Video2AudioLibrary\incoming\118_54归妹卦下_知避永终(Av31579235,P50).flv: [WinError 2] 系统找不到指定的文件。
[fail] D:\Video2AudioLibrary\incoming\119_55丰卦上_求丰保丰(Av31579235,P51).flv: [WinError 2] 系统找不到指定的文件。
[fail] D:\Video2AudioLibrary\incoming\120_55丰卦下_处丰之道(Av31579235,P52).flv: [WinError 2] 系统找不到指定的文件。
[fail] D:\Video2AudioLibrary\incoming\121_龙马负图(Av31579235,P53).flv: [WinError 2] 系统找不到指定的文件。
[fail] D:\Video2AudioLibrary\incoming\122_神龟载书(Av31579235,P54).flv: [WinError 2] 系统找不到指定的文件。
[fail] D:\Video2AudioLibrary\incoming\123_天人合德(Av31579235,P55).flv: [WinError 2] 系统找不到指定的文件。
[fail] D:\Video2AudioLibrary\incoming\124_以人为本(Av31579235,P56).flv: [WinError 2] 系统找不到指定的文件。
[fail] D:\Video2AudioLibrary\incoming\125_56旅卦上_行旅之道(Av31579235,P57).flv: [WinError 2] 系统找不到指定的文件。
[fail] D:\Video2AudioLibrary\incoming\126_56旅卦下_旅居之要(Av31579235,P58).flv: [WinError 2] 系统找不到指定的文件。
[fail] D:\Video2AudioLibrary\incoming\127_57巽卦上_柔得其宜(Av31579235,P59).flv: [WinError 2] 系统找不到指定的文件。
[fail] D:\Video2AudioLibrary\incoming\128_57巽卦下_谦顺有为(Av31579235,P60).flv: [WinError 2] 系统找不到指定的文件。
[fail] D:\Video2AudioLibrary\incoming\129_58兑卦上_和悦相处(Av31579235,P61).flv: [WinError 2] 系统找不到指定的文件。
[fail] D:\Video2AudioLibrary\incoming\130_58兑卦下_乐观人生(Av31579235,P62).flv: [WinError 2] 系统找不到指定的文件。
[fail] D:\Video2AudioLibrary\incoming\131_59涣卦上_当散即散(Av31579235,P63).flv: [WinError 2] 系统找不到指定的文件。
[fail] D:\Video2AudioLibrary\incoming\132_59涣卦下_重聚人心(Av31579235,P64).flv: [WinError 2] 系统找不到指定的文件。
[fail] D:\Video2AudioLibrary\incoming\133_卦中有卦(Av31579235,P65).flv: [WinError 2] 系统找不到指定的文件。
[fail] D:\Video2AudioLibrary\incoming\134_自占自解(Av31579235,P66).flv: [WinError 2] 系统找不到指定的文件。
[fail] D:\Video2AudioLibrary\incoming\135_60节卦上_调节得宜(Av31579235,P67).flv: [WinError 2] 系统找不到指定的文件。
[fail] D:\Video2AudioLibrary\incoming\136_60节卦下_政通民和(Av31579235,P68).flv: [WinError 2] 系统找不到指定的文件。
[fail] D:\Video2AudioLibrary\incoming\137_61中孚卦上_广施诚信(Av31579235,P69).flv: [WinError 2] 系统找不到指定的文件。
[fail] D:\Video2AudioLibrary\incoming\138_61中孚卦下_诚心不妄(Av31579235,P70).flv: [WinError 2] 系统找不到指定的文件。
[fail] D:\Video2AudioLibrary\incoming\139_62小过卦上_宽留余地(Av31579235,P71).flv: [WinError 2] 系统找不到指定的文件。
[fail] D:\Video2AudioLibrary\incoming\140_62小过卦下_顺势而为(Av31579235,P72).flv: [WinError 2] 系统找不到指定的文件。
[fail] D:\Video2AudioLibrary\incoming\141_63既济卦上_守成艰难(Av31579235,P73).flv: [WinError 2] 系统找不到指定的文件。
[fail] D:\Video2AudioLibrary\incoming\142_63既济卦下_福过灾生(Av31579235,P74).flv: [WinError 2] 系统找不到指定的文件。
[fail] D:\Video2AudioLibrary\incoming\143_64未济卦上_审慎进取(Av31579235,P75).flv: [WinError 2] 系统找不到指定的文件。
[fail] D:\Video2AudioLibrary\incoming\144_64未济卦下_永怀希望(Av31579235,P76).flv: [WinError 2] 系统找不到指定的文件。
[fail] D:\Video2AudioLibrary\incoming\22.曾仕强易经的智慧22集序卦传.flv: [WinError 2] 系统找不到指定的文件。
[fail] D:\Video2AudioLibrary\incoming\23.曾仕强易经的智慧23小有畜聚.flv: [WinError 2] 系统找不到指定的文件。
[fail] D:\Video2AudioLibrary\incoming\24.曾仕强易经的智慧24以小养大.flv: [WinError 2] 系统找不到指定的文件。
[fail] D:\Video2AudioLibrary\incoming\25.曾仕强易经的智慧25实践天道.flv: [WinError 2] 系统找不到指定的文件。
[fail] D:\Video2AudioLibrary\incoming\26.曾仕强易经的智慧26柔能克刚.flv: [WinError 2] 系统找不到指定的文件。
[fail] D:\Video2AudioLibrary\incoming\27.曾仕强易经的智慧27天下太平.flv: [WinError 2] 系统找不到指定的文件。
[fail] D:\Video2AudioLibrary\incoming\28.曾仕强易经的智慧28君子的责任.flv: [WinError 2] 系统找不到指定的文件。
[fail] D:\Video2AudioLibrary\incoming\29.曾仕强易经的智慧29否从泰来.flv: [WinError 2] 系统找不到指定的文件。
[fail] D:\Video2AudioLibrary\incoming\30.曾仕强易经的智慧30无道则愚.flv: [WinError 2] 系统找不到指定的文件。
[fail] D:\Video2AudioLibrary\incoming\31.曾仕强易经的智慧31否极泰来.flv: [WinError 2] 系统找不到指定的文件。
[fail] D:\Video2AudioLibrary\incoming\32.曾仕强易经的智慧32一视同仁.flv: [WinError 2] 系统找不到指定的文件。
[fail] D:\Video2AudioLibrary\incoming\33.曾仕强易经的智慧33万众一心.flv: [WinError 2] 系统找不到指定的文件。
[fail] D:\Video2AudioLibrary\incoming\34.曾仕强易经的智慧34为富要仁.flv: [WinError 2] 系统找不到指定的文件。
[fail] D:\Video2AudioLibrary\incoming\35.曾仕强易经的智慧35谦恭合礼.flv: [WinError 2] 系统找不到指定的文件。
[fail] D:\Video2AudioLibrary\incoming\36.曾仕强易经的智慧36谦谦君子.flv: [WinError 2] 系统找不到指定的文件。
[fail] D:\Video2AudioLibrary\incoming\37.曾仕强易经的智慧37乐极生悲.flv: [WinError 2] 系统找不到指定的文件。
[fail] D:\Video2AudioLibrary\incoming\38.曾仕强易经的智慧38择善而从.flv: [WinError 2] 系统找不到指定的文件。
[fail] D:\Video2AudioLibrary\incoming\39.整治腐败.mp4: [WinError 2] 系统找不到指定的文件。
[fail] D:\Video2AudioLibrary\incoming\40临事而惧.mp4: [WinError 2] 系统找不到指定的文件。
[fail] D:\Video2AudioLibrary\incoming\41亲临现场.mp4: [WinError 2] 系统找不到指定的文件。
[fail] D:\Video2AudioLibrary\incoming\42观察瞻仰.mp4: [WinError 2] 系统找不到指定的文件。
[fail] D:\Video2AudioLibrary\incoming\43见微知著.mp4: [WinError 2] 系统找不到指定的文件。
[fail] D:\Video2AudioLibrary\incoming\44慎始善终.mp4: [WinError 2] 系统找不到指定的文件。
[fail] D:\Video2AudioLibrary\incoming\45卦序之道.mp4: [WinError 2] 系统找不到指定的文件。
[fail] D:\Video2AudioLibrary\incoming\46文化与文明.mp4: [WinError 2] 系统找不到指定的文件。
[fail] D:\Video2AudioLibrary\incoming\47铲除梗碍.mp4: [WinError 2] 系统找不到指定的文件。
[fail] D:\Video2AudioLibrary\incoming\48治狱之道.mp4: [WinError 2] 系统找不到指定的文件。
[fail] D:\Video2AudioLibrary\incoming\49人文精神.mp4: [WinError 2] 系统找不到指定的文件。
[fail] D:\Video2AudioLibrary\incoming\50装扮得体.mp4: [WinError 2] 系统找不到指定的文件。
[fail] D:\Video2AudioLibrary\incoming\51.贲极剥始.flv: [WinError 2] 系统找不到指定的文件。
[fail] D:\Video2AudioLibrary\incoming\52.硕果不食.flv: [WinError 2] 系统找不到指定的文件。
[fail] D:\Video2AudioLibrary\incoming\53.剥极而复.flv: [WinError 2] 系统找不到指定的文件。
[fail] D:\Video2AudioLibrary\incoming\54.复兴之路.flv: [WinError 2] 系统找不到指定的文件。
[fail] D:\Video2AudioLibrary\incoming\55.无妄而正.flv: [WinError 2] 系统找不到指定的文件。
[fail] D:\Video2AudioLibrary\incoming\56.避祸成事.flv: [WinError 2] 系统找不到指定的文件。
[fail] D:\Video2AudioLibrary\incoming\57.大畜德性.flv: [WinError 2] 系统找不到指定的文件。
[fail] D:\Video2AudioLibrary\incoming\58.慎始敬终.flv: [WinError 2] 系统找不到指定的文件。
[fail] D:\Video2AudioLibrary\incoming\59.颐养之道.flv: [WinError 2] 系统找不到指定的文件。
[fail] D:\Video2AudioLibrary\incoming\60.自作自受.flv: [WinError 2] 系统找不到指定的文件。
[fail] D:\Video2AudioLibrary\incoming\61.大过大悟.flv: [WinError 2] 系统找不到指定的文件。
[fail] D:\Video2AudioLibrary\incoming\62.化解大过.flv: [WinError 2] 系统找不到指定的文件。
[fail] D:\Video2AudioLibrary\incoming\63.处险不惊.flv: [WinError 2] 系统找不到指定的文件。
[fail] D:\Video2AudioLibrary\incoming\64.用险止险.flv: [WinError 2] 系统找不到指定的文件。
[fail] D:\Video2AudioLibrary\incoming\65.向上提升.flv: [WinError 2] 系统找不到指定的文件。
[fail] D:\Video2AudioLibrary\incoming\66.光明大道.flv: [WinError 2] 系统找不到指定的文件。
[fail] D:\Video2AudioLibrary\incoming\67.易经体例.flv: [WinError 2] 系统找不到指定的文件。
[fail] D:\Video2AudioLibrary\incoming\68.mp4: [WinError 2] 系统找不到指定的文件。
[fail] D:\Video2AudioLibrary\incoming\69.mp4: [WinError 2] 系统找不到指定的文件。
[fail] D:\Video2AudioLibrary\incoming\70.mp4: [WinError 2] 系统找不到指定的文件。
[fail] D:\Video2AudioLibrary\incoming\71.mp4: [WinError 2] 系统找不到指定的文件。
[fail] D:\Video2AudioLibrary\incoming\72.mp4: [WinError 2] 系统找不到指定的文件。
[fail] D:\Video2AudioLibrary\incoming\73.mp4: [WinError 2] 系统找不到指定的文件。
[fail] D:\Video2AudioLibrary\incoming\74.mp4: [WinError 2] 系统找不到指定的文件。
[fail] D:\Video2AudioLibrary\incoming\75.mp4: [WinError 2] 系统找不到指定的文件。
[fail] D:\Video2AudioLibrary\incoming\76.mp4: [WinError 2] 系统找不到指定的文件。
[fail] D:\Video2AudioLibrary\incoming\77.mp4: [WinError 2] 系统找不到指定的文件。
[fail] D:\Video2AudioLibrary\incoming\78.mp4: [WinError 2] 系统找不到指定的文件。
[fail] D:\Video2AudioLibrary\incoming\79.mp4: [WinError 2] 系统找不到指定的文件。
[fail] D:\Video2AudioLibrary\incoming\80.mp4: [WinError 2] 系统找不到指定的文件。
[fail] D:\Video2AudioLibrary\incoming\81.mp4: [WinError 2] 系统找不到指定的文件。
[fail] D:\Video2AudioLibrary\incoming\82.mp4: [WinError 2] 系统找不到指定的文件。
[fail] D:\Video2AudioLibrary\incoming\83.mp4: [WinError 2] 系统找不到指定的文件。
[fail] D:\Video2AudioLibrary\incoming\84.mp4: [WinError 2] 系统找不到指定的文件。
[fail] D:\Video2AudioLibrary\incoming\85.mp4: [WinError 2] 系统找不到指定的文件。
[fail] D:\Video2AudioLibrary\incoming\86.mp4: [WinError 2] 系统找不到指定的文件。
[fail] D:\Video2AudioLibrary\incoming\87.mp4: [WinError 2] 系统找不到指定的文件。
[fail] D:\Video2AudioLibrary\incoming\88.mp4: [WinError 2] 系统找不到指定的文件。
[fail] D:\Video2AudioLibrary\incoming\89.mp4: [WinError 2] 系统找不到指定的文件。
[fail] D:\Video2AudioLibrary\incoming\90损以修己.mp4: [WinError 2] 系统找不到指定的文件。
[fail] D:\Video2AudioLibrary\incoming\91为道日损.mp4: [WinError 2] 系统找不到指定的文件。
[fail] D:\Video2AudioLibrary\incoming\92为道日损.mp4: [WinError 2] 系统找不到指定的文件。
[fail] D:\Video2AudioLibrary\incoming\93损极而益.mp4: [WinError 2] 系统找不到指定的文件。
[fail] D:\Video2AudioLibrary\incoming\94为学日益.mp4: [WinError 2] 系统找不到指定的文件。
[fail] D:\Video2AudioLibrary\incoming\95决其当决.mp4: [WinError 2] 系统找不到指定的文件。
[fail] D:\Video2AudioLibrary\incoming\96邪不胜正.mp4: [WinError 2] 系统找不到指定的文件。
[fail] D:\Video2AudioLibrary\incoming\97不期而遇.mp4: [WinError 2] 系统找不到指定的文件。
[fail] D:\Video2AudioLibrary\incoming\98宣扬文化.mp4: [WinError 2] 系统找不到指定的文件。
